12	1447759195934	229
12	1447759195983	179
12	1447759195984	179
12	1447759196033	189
12	1447759196039	191
12	1447759196082	193
12	1447759196083	194
12	1447759196129	201
12	1447759196176	204
12	1447759196178	205
12	1447759196227	188
12	1447759196274	182
12	1447759196278	180
12	1447759196324	180
12	1447759196330	181
12	1447759196376	181
12	1447759196389	182
12	1447759196422	182
12	1447759196431	183
12	1447759196472	182
12	1447759196521	182
12	1447759196522	182
12	1447759196566	181
12	1447759196568	182
12	1447759196618	182
12	1447759196619	182
12	1447759196667	183
12	1447759196669	183
12	1447759196715	183
12	1447759196717	183
12	1447759196763	184
12	1447759196773	185
12	1447759196814	187
12	1447759196825	186
12	1447759196863	185
12	1447759196872	184
12	1447759196912	213
12	1447759196921	197
12	1447759196961	172
12	1447759196971	181
12	1447759197007	189
12	1447759197012	191
12	1447759197055	193
12	1447759197056	195
12	1447759197102	199
12	1447759197104	202
12	1447759197153	204
12	1447759197200	198
12	1447759197202	190
12	1447759197251	179
12	1447759197253	179
12	1447759197303	179
12	1447759197308	179
12	1447759197350	181
12	1447759197356	181
12	1447759197400	181
12	1447759197409	182
12	1447759197453	181
12	1447759197458	181
12	1447759197495	181
12	1447759197503	182
12	1447759197546	182
12	1447759197553	182
12	1447759197596	182
12	1447759197620	182
12	1447759197642	183
12	1447759197644	183
12	1447759197691	183
12	1447759197692	183
12	1447759197740	187
12	1447759197785	184
12	1447759197786	184
12	1447759197834	187
12	1447759197835	224
12	1447759197882	174
12	1447759197884	183
12	1447759197933	188
12	1447759197941	190
12	1447759197983	192
12	1447759197994	193
12	1447759198037	197
12	1447759198040	201
12	1447759198080	204
12	1447759198090	206
12	1447759198131	196
12	1447759198141	189
12	1447759198187	183
12	1447759198189	180
12	1447759198226	180
12	1447759198233	181
12	1447759198276	182
12	1447759198321	184
12	1447759198322	182
12	1447759198370	182
12	1447759198371	183
12	1447759198419	181
12	1447759198420	181
12	1447759198469	181
12	1447759198492	181
12	1447759198518	182
12	1447759198525	183
12	1447759198568	183
12	1447759198573	183
12	1447759198622	184
12	1447759198624	184
12	1447759198665	189
12	1447759198673	187
12	1447759198716	185
12	1447759198727	185
12	1447759198770	185
12	1447759198773	212
12	1447759198817	174
12	1447759198820	181
12	1447759198857	187
12	1447759198859	189
12	1447759198906	194
12	1447759198907	195
12	1447759198955	198
12	1447759198956	201
12	1447759199003	206
12	1447759199004	206
12	1447759199052	200
12	1447759199053	192
12	1447759199101	184
12	1447759199102	181
12	1447759199150	180
12	1447759199198	183
12	1447759199199	183
12	1447759199249	183
12	1447759199251	183
12	1447759199305	183
12	1447759199332	184
12	1447759199348	182
12	1447759199350	182
12	1447759199402	183
12	1447759199410	182
12	1447759199447	184
12	1447759199454	183
12	1447759199495	184
12	1447759199507	185
12	1447759199544	184
12	1447759199554	187
12	1447759199593	187
12	1447759199627	185
12	1447759199640	185
12	1447759199644	185
12	1447759199686	201
12	1447759199688	172
12	1447759199736	188
12	1447759199785	193
12	1447759199786	193
12	1447759199835	198
12	1447759199836	199
12	1447759199883	205
12	1447759199931	207
12	1447759199939	200
12	1447759199982	192
12	1447759199984	185
12	1447759200030	182
12	1447759200040	180
12	1447759200077	182
12	1447759200078	183
12	1447759200125	184
12	1447759200126	184
12	1447759200173	184
12	1447759200175	183
12	1447759200223	182
12	1447759200224	182
12	1447759200274	182
12	1447759200277	183
12	1447759200321	183
12	1447759200324	184
12	1447759200371	184
12	1447759200373	184
12	1447759200422	184
12	1447759200431	184
12	1447759200468	185
12	1447759200472	185
12	1447759200515	185
12	1447759200516	185
12	1447759200564	186
12	1447759200565	185
12	1447759200613	188
12	1447759200614	190
12	1447759200662	187
12	1447759200663	187
12	1447759200710	187
12	1447759200711	226
12	1447759200760	194
12	1447759200768	178
12	1447759200807	188
12	1447759200809	192
12	1447759200856	194
12	1447759200858	195
12	1447759200906	201
12	1447759200955	207
12	1447759201003	199
12	1447759201005	191
12	1447759201054	185
12	1447759201061	183
12	1447759201103	182
12	1447759201134	181
12	1447759201150	183
12	1447759201159	184
12	1447759201201	184
12	1447759201202	184
12	1447759201249	184
12	1447759201250	185
12	1447759201295	183
12	1447759201296	183
12	1447759201344	183
12	1447759201345	183
12	1447759201397	183
12	1447759201400	183
12	1447759201444	185
12	1447759201448	184
12	1447759201493	185
12	1447759201503	186
12	1447759201546	186
12	1447759201574	185
12	1447759201589	186
12	1447759201600	189
12	1447759201638	191
12	1447759201639	188
12	1447759201688	186
12	1447759201689	188
12	1447759201736	199
12	1447759201782	185
12	1447759201783	189
12	1447759201831	192
12	1447759201832	194
12	1447759201881	196
12	1447759201888	197
12	1447759201932	202
12	1447759201942	206
12	1447759201981	208
12	1447759201984	206
12	1447759202030	192
12	1447759202038	186
12	1447759202078	183
12	1447759202079	182
12	1447759202124	183
12	1447759202125	182
12	1447759202173	184
12	1447759202174	184
12	1447759202222	185
12	1447759202272	184
12	1447759202278	183
12	1447759202322	183
12	1447759202330	183
12	1447759202373	182
12	1447759202383	184
12	1447759202422	184
12	1447759202424	184
12	1447759202467	184
12	1447759202477	185
12	1447759202522	183
12	1447759202531	185
12	1447759202564	185
12	1447759202573	186
12	1447759202611	186
12	1447759202613	184
12	1447759202662	187
12	1447759202709	189
12	1447759202710	188
12	1447759202757	185
12	1447759202758	186
12	1447759202809	215
12	1447759202810	207
12	1447759202857	177
12	1447759202863	183
12	1447759202908	191
12	1447759202915	192
12	1447759202965	195
12	1447759202968	195
12	1447759203003	201
12	1447759203007	205
12	1447759203056	207
12	1447759203064	207
12	1447759203104	201
12	1447759203135	193
12	1447759203151	184
12	1447759203159	181
12	1447759203200	183
12	1447759203245	183
12	1447759203246	185
12	1447759203293	185
12	1447759203295	185
12	1447759203342	184
12	1447759203343	184
12	1447759203391	183
12	1447759203392	183
12	1447759203440	183
12	1447759203441	183
12	1447759203488	183
12	1447759203490	184
12	1447759203538	184
12	1447759203586	183
12	1447759203587	185
12	1447759203637	185
12	1447759203642	185
12	1447759203688	187
12	1447759203689	189
12	1447759203737	188
12	1447759203745	186
12	1447759203783	186
12	1447759203792	214
12	1447759203830	210
12	1447759203832	177
12	1447759203879	183
12	1447759203880	187
12	1447759203927	193
12	1447759203929	194
12	1447759203976	195
12	1447759203977	197
12	1447759204026	206
12	1447759204079	207
12	1447759204081	202
12	1447759204124	186
12	1447759204128	182
12	1447759204180	181
12	1447759204188	180
12	1447759204222	180
12	1447759204229	181
12	1447759204269	183
12	1447759204270	184
12	1447759204317	185
12	1447759204319	184
12	1447759204366	184
12	1447759204367	184
12	1447759204415	184
12	1447759204416	184
12	1447759204463	184
12	1447759204464	185
12	1447759204512	185
12	1447759204513	185
12	1447759204563	186
12	1447759204569	186
12	1447759204611	186
12	1447759204615	187
12	1447759204662	186
12	1447759204666	187
12	1447759204709	186
12	1447759204712	187
12	1447759204756	188
12	1447759204757	189
12	1447759204808	186
12	1447759204810	187
12	1447759204879	187
12	1447759204881	187
12	1447759204906	187
12	1447759204908	189
12	1447759204951	189
12	1447759204953	187
12	1447759205000	185
12	1447759205002	186
12	1447759205049	227
12	1447759205050	189
12	1447759205098	178
12	1447759205099	185
12	1447759205146	189
12	1447759205147	192
12	1447759205196	194
12	1447759205199	196
12	1447759205246	200
12	1447759205253	203
12	1447759205297	206
12	1447759205302	205
12	1447759205343	186
12	1447759205347	182
12	1447759205395	181
12	1447759205439	182
12	1447759205440	182
12	1447759205488	188
12	1447759205489	188
12	1447759205536	188
12	1447759205538	188
12	1447759205587	186
12	1447759205588	187
12	1447759205637	185
12	1447759205642	184
12	1447759205691	184
12	1447759205711	186
12	1447759205733	186
12	1447759205741	185
12	1447759205780	185
12	1447759205781	187
12	1447759205832	187
12	1447759205878	187
12	1447759205879	189
12	1447759205927	188
12	1447759205981	188
12	1447759205988	188
12	1447759206029	191
12	1447759206031	189
12	1447759206080	192
12	1447759206089	189
12	1447759206124	191
12	1447759206151	188
12	1447759206174	201
12	1447759206180	227
12	1447759206222	182
12	1447759206271	193
12	1447759206316	194
12	1447759206318	198
12	1447759206366	204
12	1447759206413	208
12	1447759206421	210
12	1447759206464	197
12	1447759206468	189
12	1447759206514	185
12	1447759206525	183
12	1447759206571	182
12	1447759206586	182
12	1447759206612	184
12	1447759206619	184
12	1447759206661	184
12	1447759206709	184
12	1447759206710	184
12	1447759206755	184
12	1447759206756	183
12	1447759206805	183
12	1447759206806	185
12	1447759206853	184
12	1447759206854	185
12	1447759206917	185
12	1447759206926	185
12	1447759206952	186
12	1447759206959	186
12	1447759206999	186
12	1447759207000	185
12	1447759207048	188
12	1447759207049	191
12	1447759207096	189
12	1447759207098	188
12	1447759207145	189
12	1447759207146	220
12	1447759207194	193
12	1447759207196	178
12	1447759207244	191
12	1447759207250	194
12	1447759207301	196
12	1447759207308	197
12	1447759207342	202
12	1447759207350	204
12	1447759207390	210
12	1447759207399	212
12	1447759207441	207
12	1447759207486	192
12	1447759207488	188
12	1447759207535	186
12	1447759207536	186
12	1447759207584	186
12	1447759207585	186
12	1447759207635	187
12	1447759207637	187
12	1447759207683	188
12	1447759207693	186
12	1447759207734	185
12	1447759207744	185
12	1447759207782	185
12	1447759207789	185
12	1447759207828	184
12	1447759207829	184
12	1447759207878	185
12	1447759207925	186
12	1447759207926	186
12	1447759207973	187
12	1447759207975	188
12	1447759208024	191
12	1447759208026	189
12	1447759208071	186
12	1447759208119	187
12	1447759208120	212
12	1447759208168	176
12	1447759208169	183
12	1447759208217	188
12	1447759208218	191
12	1447759208267	194
12	1447759208269	196
12	1447759208316	198
12	1447759208320	201
12	1447759208368	206
12	1447759208370	206
12	1447759208415	202
12	1447759208422	195
12	1447759208463	184
12	1447759208470	182
12	1447759208513	182
12	1447759208514	182
12	1447759208562	183
12	1447759208608	184
12	1447759208609	184
12	1447759208657	184
12	1447759208705	185
12	1447759208709	185
12	1447759208759	185
12	1447759208766	185
12	1447759208808	185
12	1447759208816	185
12	1447759208853	185
12	1447759208859	185
12	1447759208902	185
12	1447759208914	188
12	1447759208952	187
12	1447759208964	186
12	1447759209000	185
12	1447759209008	193
12	1447759209046	185
12	1447759209048	176
12	1447759209095	184
12	1447759209096	189
12	1447759209146	198
12	1447759209193	198
12	1447759209194	201
12	1447759209242	206
12	1447759209243	206
12	1447759209292	204
12	1447759209301	197
12	1447759209340	190
12	1447759209345	185
12	1447759209390	183
12	1447759209392	183
12	1447759209438	183
12	1447759209442	185
12	1447759209485	185
12	1447759209486	185
12	1447759209534	184
12	1447759209535	183
12	1447759209583	183
12	1447759209584	183
12	1447759209634	184
12	1447759209635	184
12	1447759209681	184
12	1447759209730	185
12	1447759209734	188
12	1447759209783	187
12	1447759209792	185
12	1447759209828	184
12	1447759209832	200
12	1447759209875	214
12	1447759209876	176
12	1447759209929	190
12	1447759209973	192
12	1447759209974	194
12	1447759210021	198
12	1447759210022	199
12	1447759210073	205
12	1447759210121	206
12	1447759210123	203
12	1447759210171	188
12	1447759210173	184
12	1447759210221	182
12	1447759210246	182
12	1447759210267	183
12	1447759210274	183
12	1447759210316	184
12	1447759210362	184
12	1447759210364	183
12	1447759210411	183
12	1447759210412	183
12	1447759210462	183
12	1447759210463	183
12	1447759210512	183
12	1447759210514	183
12	1447759210560	186
12	1447759210567	187
12	1447759210609	184
12	1447759210623	184
12	1447759210660	198
12	1447759210661	220
12	1447759210706	185
12	1447759210756	190
12	1447759210801	194
12	1447759210803	195
12	1447759210853	198
12	1447759210854	201
12	1447759210902	204
12	1447759210903	205
12	1447759210949	195
12	1447759210953	187
12	1447759210996	183
12	1447759210997	181
12	1447759211045	181
12	1447759211046	182
12	1447759211096	182
12	1447759211142	182
12	1447759211144	182
12	1447759211191	182
12	1447759211192	182
12	1447759211241	182
12	1447759211246	182
12	1447759211291	182
12	1447759211292	183
12	1447759211340	183
12	1447759211344	182
12	1447759211389	187
12	1447759211398	186
12	1447759211440	184
12	1447759211449	184
12	1447759211504	211
12	1447759211506	208
12	1447759211536	177
12	1447759211543	182
12	1447759211583	189
12	1447759211592	190
12	1447759211635	191
12	1447759211656	193
12	1447759211682	195
12	1447759211688	197
12	1447759211731	205
12	1447759211732	206
12	1447759211778	202
12	1447759211779	193
12	1447759211825	184
12	1447759211826	180
12	1447759211874	180
12	1447759211875	178
12	1447759211922	177
12	1447759211923	177
12	1447759211972	178
12	1447759211981	173
12	1447759212024	177
12	1447759212036	178
12	1447759212072	180
12	1447759212079	183
12	1447759212120	180
12	1447759212121	180
12	1447759212170	222
12	1447759212215	191
12	1447759212217	176
12	1447759212264	182
12	1447759212265	186
12	1447759212322	187
12	1447759212335	190
12	1447759212362	193
12	1447759212367	195
12	1447759212413	196
12	1447759212427	200
12	1447759212464	198
12	1447759212497	194
12	1447759212513	181
12	1447759212522	177
12	1447759212556	178
12	1447759212557	178
12	1447759212606	181
12	1447759212655	181
12	1447759212656	183
12	1447759212702	177
12	1447759212703	179
12	1447759212754	180
12	1447759212759	176
12	1447759212801	177
12	1447759212806	180
12	1447759212851	178
12	1447759212853	175
12	1447759212910	178
12	1447759212930	181
12	1447759212948	197
12	1447759212957	169
12	1447759212995	176
12	1447759212996	182
12	1447759213043	187
12	1447759213045	189
12	1447759213093	193
12	1447759213094	194
12	1447759213142	198
12	1447759213143	199
12	1447759213196	200
12	1447759213197	196
12	1447759213241	192
12	1447759213243	187
12	1447759213291	180
12	1447759213293	180
12	1447759213341	185
12	1447759213344	187
12	1447759213389	186
12	1447759213402	186
12	1447759213439	186
12	1447759213447	185
12	1447759213484	182
12	1447759213515	184
12	1447759213533	186
12	1447759213541	185
12	1447759213580	183
12	1447759213581	183
12	1447759213629	216
12	1447759213630	205
12	1447759213677	172
12	1447759213679	178
12	1447759213726	188
12	1447759213728	190
12	1447759213780	192
12	1447759213782	194
12	1447759213834	198
12	1447759213841	200
12	1447759213879	201
12	1447759213887	201
12	1447759213923	189
12	1447759213931	184
12	1447759213969	181
12	1447759213971	179
12	1447759214018	181
12	1447759214020	182
12	1447759214067	184
12	1447759214068	184
12	1447759214116	183
12	1447759214118	183
12	1447759214167	183
12	1447759214169	185
12	1447759214216	186
12	1447759214220	183
12	1447759214262	183
12	1447759214264	185
12	1447759214312	185
12	1447759214360	171
12	1447759214361	181
12	1447759214409	189
12	1447759214410	191
12	1447759214464	193
12	1447759214465	194
12	1447759214508	199
12	1447759214510	201
12	1447759214559	203
12	1447759214564	200
12	1447759214609	186
12	1447759214611	182
12	1447759214656	181
12	1447759214663	180
12	1447759214703	182
12	1447759214711	183
12	1447759214762	183
12	1447759214764	183
12	1447759214802	183
12	1447759214809	182
12	1447759214852	182
12	1447759214860	181
12	1447759214917	183
12	1447759214921	187
12	1447759214947	181
12	1447759214950	182
12	1447759214996	203
12	1447759215043	169
12	1447759215044	178
12	1447759215091	185
12	1447759215093	188
12	1447759215140	190
12	1447759215142	191
12	1447759215189	198
12	1447759215240	200
12	1447759215244	202
12	1447759215293	197
12	1447759215303	189
12	1447759215337	183
12	1447759215348	180
12	1447759215385	179
12	1447759215386	179
12	1447759215436	181
12	1447759215481	182
12	1447759215482	180
12	1447759215530	180
12	1447759215531	180
12	1447759215582	180
12	1447759215629	181
12	1447759215631	181
12	1447759215680	181
12	1447759215685	182
12	1447759215731	181
12	1447759215743	183
12	1447759215779	183
12	1447759215823	183
12	1447759215824	184
12	1447759215874	184
12	1447759215875	185
12	1447759215920	184
12	1447759215921	184
12	1447759215972	185
12	1447759216021	186
12	1447759216023	186
12	1447759216068	185
12	1447759216073	187
12	1447759216120	188
12	1447759216127	188
12	1447759216170	186
12	1447759216197	186
12	1447759216214	199
12	1447759216219	223
12	1447759216262	183
12	1447759216263	185
12	1447759216313	188
12	1447759216314	190
12	1447759216359	190
12	1447759216360	192
12	1447759216408	199
12	1447759216459	202
12	1447759216461	205
12	1447759216510	197
12	1447759216517	190
12	1447759216561	185
12	1447759216568	182
12	1447759216608	182
12	1447759216610	181
12	1447759216651	181
12	1447759216652	181
12	1447759216700	182
12	1447759216701	182
12	1447759216749	182
12	1447759216750	180
12	1447759216798	181
12	1447759216800	182
12	1447759216847	181
12	1447759216900	182
12	1447759216901	181
12	1447759216949	182
12	1447759216960	182
12	1447759216994	183
12	1447759217010	184
12	1447759217043	185
12	1447759217047	183
12	1447759217090	182
12	1447759217091	183
12	1447759217139	185
12	1447759217140	184
12	1447759217187	189
12	1447759217189	187
12	1447759217239	186
12	1447759217240	185
12	1447759217286	221
12	1447759217290	205
12	1447759217337	181
12	1447759217352	182
12	1447759217388	188
12	1447759217390	189
12	1447759217434	191
12	1447759217439	192
12	1447759217482	197
12	1447759217529	202
12	1447759217530	202
12	1447759217577	197
12	1447759217578	191
12	1447759217628	179
12	1447759217677	180
12	1447759217679	179
12	1447759217723	180
12	1447759217725	180
12	1447759217775	180
12	1447759217776	181
12	1447759217821	181
12	1447759217822	180
12	1447759217870	181
12	1447759217871	181
12	1447759217922	182
12	1447759217968	183
12	1447759217971	182
12	1447759218020	182
12	1447759218031	184
12	1447759218070	184
12	1447759218073	186
12	1447759218119	188
12	1447759218126	187
12	1447759218165	183
12	1447759218174	183
12	1447759218216	195
12	1447759218236	240
12	1447759218264	190
12	1447759218271	181
12	1447759218312	190
12	1447759218321	192
12	1447759218363	193
12	1447759218391	195
12	1447759218409	201
12	1447759218458	206
12	1447759218507	190
12	1447759218552	184
12	1447759218554	177
12	1447759218602	180
12	1447759218603	182
12	1447759218652	183
12	1447759218679	183
12	1447759218702	185
12	1447759218704	186
12	1447759218748	179
12	1447759218797	178
12	1447759218845	182
12	1447759218847	181
12	1447759218896	184
12	1447759218942	187
12	1447759218943	184
12	1447759218992	218
12	1447759219041	215
12	1447759219047	169
12	1447759219093	182
12	1447759219101	187
12	1447759219143	181
12	1447759219152	184
12	1447759219190	195
12	1447759219201	199
12	1447759219240	202
12	1447759219249	205
12	1447759219290	197
12	1447759219314	190
12	1447759219351	180
12	1447759219381	183
12	1447759219382	181
12	1447759219429	180
12	1447759219431	182
12	1447759219482	184
12	1447759219530	183
12	1447759219579	183
12	1447759219580	182
12	1447759219625	182
12	1447759219627	183
12	1447759219676	184
12	1447759219678	186
12	1447759219728	186
12	1447759219756	185
12	1447759219773	183
12	1447759219780	184
12	1447759219822	220
12	1447759219823	207
12	1447759219872	179
12	1447759219873	185
12	1447759219917	187
12	1447759219919	191
12	1447759219967	199
12	1447759220019	198
12	1447759220021	200
12	1447759220065	202
12	1447759220069	197
12	1447759220112	192
12	1447759220114	185
12	1447759220162	183
12	1447759220210	182
12	1447759220211	183
12	1447759220259	182
12	1447759220260	183
12	1447759220311	184
12	1447759220312	181
12	1447759220357	180
12	1447759220360	180
12	1447759220407	179
12	1447759220419	180
12	1447759220456	181
12	1447759220463	185
12	1447759220504	182
12	1447759220512	184
12	1447759220554	186
12	1447759220555	231
12	1447759220600	196
12	1447759220601	172
12	1447759220649	185
12	1447759220650	187
12	1447759220701	190
12	1447759220702	194
12	1447759220747	199
12	1447759220751	201
12	1447759220797	203
12	1447759220800	206
12	1447759220850	198
12	1447759220859	191
12	1447759220894	184
12	1447759220900	181
12	1447759220941	182
12	1447759220942	182
12	1447759220993	182
12	1447759221039	183
12	1447759221040	183
12	1447759221088	181
12	1447759221136	182
12	1447759221137	184
12	1447759221186	182
12	1447759221190	181
12	1447759221238	182
12	1447759221248	183
12	1447759221286	195
12	1447759221291	172
12	1447759221334	181
12	1447759221342	187
12	1447759221386	191
12	1447759221393	193
12	1447759221444	200
12	1447759221451	202
12	1447759221481	202
12	1447759221492	202
12	1447759221528	201
12	1447759221536	191
12	1447759221580	186
12	1447759221588	180
12	1447759221627	181
12	1447759221629	182
12	1447759221672	181
12	1447759221674	183
12	1447759221722	183
12	1447759221770	181
12	1447759221771	180
12	1447759221819	181
12	1447759221820	181
12	1447759221870	185
12	1447759221872	185
12	1447759221919	183
12	1447759221946	182
12	1447759221967	194
12	1447759221980	218
12	1447759222017	173
12	1447759222062	185
12	1447759222063	188
12	1447759222114	190
12	1447759222115	194
12	1447759222162	195
12	1447759222163	197
12	1447759222210	202
12	1447759222236	202
12	1447759222260	199
12	1447759222263	191
12	1447759222306	178
12	1447759222307	180
12	1447759222355	181
12	1447759222356	180
12	1447759222403	181
12	1447759222404	182
12	1447759222452	183
12	1447759222454	181
12	1447759222501	181
12	1447759222506	180
12	1447759222550	181
12	1447759222560	183
12	1447759222601	183
12	1447759222604	183
12	1447759222647	180
12	1447759222649	189
12	1447759222696	223
12	1447759222697	177
12	1447759222745	183
12	1447759222746	187
12	1447759222793	189
12	1447759222795	191
12	1447759222843	194
12	1447759222845	195
12	1447759222891	198
12	1447759222893	201
12	1447759222940	203
12	1447759222941	200
12	1447759222989	184
12	1447759222992	182
12	1447759223040	179
12	1447759223042	179
12	1447759223092	179
12	1447759223104	180
12	1447759223135	181
12	1447759223136	181
12	1447759223183	181
12	1447759223185	182
12	1447759223232	181
12	1447759223233	181
12	1447759223281	186
12	1447759223282	185
12	1447759223331	183
12	1447759223335	183
12	1447759223383	183
12	1447759223408	197
12	1447759223430	176
12	1447759223431	179
12	1447759223476	187
12	1447759223477	189
12	1447759223525	188
12	1447759223526	197
12	1447759223576	201
12	1447759223622	202
12	1447759223623	204
12	1447759223674	199
12	1447759223675	189
12	1447759223720	184
12	1447759223724	180
12	1447759223771	180
12	1447759223772	180
12	1447759223820	181
12	1447759223824	181
12	1447759223868	181
12	1447759223877	181
12	1447759223920	181
12	1447759223929	181
12	1447759223965	181
12	1447759223969	182
12	1447759224012	185
12	1447759224014	185
12	1447759224062	183
12	1447759224063	182
12	1447759224110	191
12	1447759224111	221
12	1447759224159	177
12	1447759224160	176
12	1447759224210	190
12	1447759224258	193
12	1447759224259	195
12	1447759224308	199
12	1447759224316	201
12	1447759224367	204
12	1447759224369	204
12	1447759224404	192
12	1447759224409	186
12	1447759224451	184
12	1447759224452	181
12	1447759224500	181
12	1447759224501	183
12	1447759224549	183
12	1447759224550	183
12	1447759224598	182
12	1447759224648	183
12	1447759224654	182
12	1447759224700	182
12	1447759224709	184
12	1447759224749	185
12	1447759224756	183
12	1447759224794	183
12	1447759224800	184
12	1447759224843	172
12	1447759224893	188
12	1447759224939	191
12	1447759224940	193
12	1447759224991	198
12	1447759225036	201
12	1447759225037	203
12	1447759225086	203
12	1447759225092	196
12	1447759225136	189
12	1447759225149	184
12	1447759225184	183
12	1447759225188	183
12	1447759225233	183
12	1447759225242	185
12	1447759225285	184
12	1447759225294	184
12	1447759225339	183
12	1447759225356	183
12	1447759225380	183
12	1447759225388	183
12	1447759225428	182
12	1447759225436	183
12	1447759225480	187
12	1447759225510	186
12	1447759225525	182
12	1447759225529	183
12	1447759225572	209
12	1447759225574	200
12	1447759225622	187
12	1447759225670	191
12	1447759225671	194
12	1447759225719	195
12	1447759225720	197
12	1447759225767	202
12	1447759225768	204
12	1447759225817	204
12	1447759225821	202
12	1447759225869	189
12	1447759225878	184
12	1447759225917	181
12	1447759225920	182
12	1447759225964	183
12	1447759225972	184
12	1447759226017	185
12	1447759226027	184
12	1447759226064	184
12	1447759226085	184
12	1447759226115	184
12	1447759226124	183
12	1447759226161	182
12	1447759226169	182
12	1447759226210	186
12	1447759226239	184
12	1447759226257	184
12	1447759226261	184
12	1447759226307	194
12	1447759226352	173
12	1447759226353	183
12	1447759226401	193
12	1447759226402	194
12	1447759226450	195
12	1447759226451	197
12	1447759226501	199
12	1447759226503	201
12	1447759226551	203
12	1447759226560	201
12	1447759226601	195
12	1447759226614	189
12	1447759226647	183
12	1447759226650	183
12	1447759226697	184
12	1447759226742	184
12	1447759226743	184
12	1447759226791	184
12	1447759226792	184
12	1447759226842	183
12	1447759226843	183
12	1447759226888	184
12	1447759226890	185
12	1447759226940	185
12	1447759226942	187
12	1447759226990	187
12	1447759227000	186
12	1447759227042	186
12	1447759227044	192
12	1447759227086	180
12	1447759227093	176
12	1447759227137	185
12	1447759227147	191
12	1447759227197	196
12	1447759227200	197
12	1447759227233	199
12	1447759227240	201
12	1447759227282	205
12	1447759227330	202
12	1447759227331	195
12	1447759227376	188
12	1447759227377	185
12	1447759227424	183
12	1447759227426	185
12	1447759227473	186
12	1447759227480	186
12	1447759227527	186
12	1447759227529	185
12	1447759227574	186
12	1447759227585	185
12	1447759227632	185
12	1447759227634	185
12	1447759227672	184
12	1447759227679	186
12	1447759227718	188
12	1447759227767	186
12	1447759227815	211
12	1447759227816	201
12	1447759227864	183
12	1447759227865	190
12	1447759227912	193
12	1447759227913	195
12	1447759227962	200
12	1447759227969	200
12	1447759228012	203
12	1447759228023	205
12	1447759228062	205
12	1447759228070	204
12	1447759228114	191
12	1447759228124	186
12	1447759228162	184
12	1447759228173	184
12	1447759228207	184
12	1447759228213	184
12	1447759228255	184
12	1447759228256	184
12	1447759228302	184
12	1447759228303	184
12	1447759228351	183
12	1447759228352	184
12	1447759228402	185
12	1447759228403	185
12	1447759228452	186
12	1447759228500	185
12	1447759228502	185
12	1447759228548	206
12	1447759228551	208
12	1447759228602	173
12	1447759228626	181
12	1447759228648	191
12	1447759228650	194
12	1447759228695	197
12	1447759228696	197
12	1447759228741	202
12	1447759228742	203
12	1447759228790	205
12	1447759228791	205
12	1447759228839	199
12	1447759228840	193
12	1447759228888	186
12	1447759228894	185
12	1447759228939	184
12	1447759228941	186
12	1447759228986	185
12	1447759228992	186
12	1447759229054	184
12	1447759229058	184
12	1447759229084	185
12	1447759229093	185
12	1447759229135	184
12	1447759229149	185
12	1447759229182	188
12	1447759229209	188
12	1447759229229	186
12	1447759229230	185
12	1447759229280	207
12	1447759229326	179
12	1447759229327	188
12	1447759229375	192
12	1447759229376	195
12	1447759229425	199
12	1447759229431	201
12	1447759229474	203
12	1447759229493	204
12	1447759229523	204
12	1447759229528	198
12	1447759229570	190
12	1447759229571	186
12	1447759229619	185
12	1447759229620	184
12	1447759229667	186
12	1447759229669	186
12	1447759229717	186
12	1447759229764	185
12	1447759229773	185
12	1447759229819	186
12	1447759229826	185
12	1447759229864	185
12	1447759229875	186
12	1447759229913	186
12	1447759229922	190
12	1447759229962	189
12	1447759229974	187
12	1447759230013	186
12	1447759230026	217
12	1447759230061	192
12	1447759230063	173
12	1447759230106	191
12	1447759230107	193
12	1447759230158	197
12	1447759230205	201
12	1447759230206	203
12	1447759230255	204
12	1447759230256	206
12	1447759230302	197
12	1447759230303	190
12	1447759230350	185
12	1447759230354	184
12	1447759230398	184
12	1447759230400	184
12	1447759230451	185
12	1447759230452	185
12	1447759230496	184
12	1447759230497	185
12	1447759230545	185
12	1447759230546	186
12	1447759230593	185
12	1447759230594	185
12	1447759230643	185
12	1447759230650	187
12	1447759230697	188
12	1447759230705	186
12	1447759230742	185
12	1447759230750	185
12	1447759230789	215
12	1447759230840	174
12	1447759230841	179
12	1447759230886	194
12	1447759230887	196
12	1447759230938	199
12	1447759230990	204
12	1447759231008	206
12	1447759231034	205
12	1447759231041	199
12	1447759231082	186
12	1447759231089	183
12	1447759231134	183
12	1447759231155	184
12	1447759231181	183
12	1447759231189	184
12	1447759231229	184
12	1447759231279	183
12	1447759231280	182
12	1447759231325	183
12	1447759231326	183
12	1447759231377	184
12	1447759231422	184
12	1447759231423	185
12	1447759231472	189
12	1447759231483	187
12	1447759231522	186
12	1447759231535	184
12	1447759231570	212
12	1447759231580	197
12	1447759231618	182
12	1447759231667	195
12	1447759231715	195
12	1447759231716	198
12	1447759231764	202
12	1447759231765	204
12	1447759231813	204
12	1447759231862	190
12	1447759231867	186
12	1447759231913	185
12	1447759231918	184
12	1447759231964	185
12	1447759231992	184
12	1447759232009	183
12	1447759232012	183
12	1447759232056	183
12	1447759232057	184
12	1447759232108	182
12	1447759232109	183
12	1447759232202	183
12	1447759232203	183
12	1447759232252	183
12	1447759232259	185
12	1447759232301	188
12	1447759232306	186
12	1447759232351	185
12	1447759232353	186
12	1447759232402	217
12	1447759232409	189
12	1447759232450	182
12	1447759232456	188
12	1447759232500	192
12	1447759232509	194
12	1447759232546	198
12	1447759232565	200
12	1447759232596	202
12	1447759232603	204
12	1447759232643	202
12	1447759232652	196
12	1447759232694	188
12	1447759232702	183
12	1447759232741	181
12	1447759232744	180
12	1447759232787	182
12	1447759232788	183
12	1447759232836	183
12	1447759232838	183
12	1447759232886	182
12	1447759232937	181
12	1447759232982	182
12	1447759232984	183
12	1447759233032	183
12	1447759233041	184
12	1447759233083	184
12	1447759233090	184
12	1447759233133	185
12	1447759233141	186
12	1447759233181	189
12	1447759233192	187
12	1447759233228	183
12	1447759233240	184
12	1447759233277	201
12	1447759233297	212
12	1447759233326	178
12	1447759233333	184
12	1447759233375	189
12	1447759233376	192
12	1447759233421	196
12	1447759233422	198
12	1447759233470	200
12	1447759233471	203
12	1447759233519	206
12	1447759233520	205
12	1447759233569	192
12	1447759233576	185
12	1447759233619	182
12	1447759233621	180
12	1447759233669	181
12	1447759233674	182
12	1447759233716	182
12	1447759233746	181
12	1447759233764	181
12	1447759233773	181
12	1447759233814	182
12	1447759233862	182
12	1447759233863	182
12	1447759233909	184
12	1447759233910	184
12	1447759233960	185
12	1447759233961	185
12	1447759234006	185
12	1447759234007	185
12	1447759234057	185
12	1447759234060	184
12	1447759234107	184
12	1447759234117	184
12	1447759234157	183
12	1447759234160	184
12	1447759234203	187
12	1447759234211	184
12	1447759234253	185
12	1447759234260	185
12	1447759234308	200
12	1447759234311	218
12	1447759234350	180
12	1447759234357	186
12	1447759234399	191
12	1447759234400	193
12	1447759234444	196
12	1447759234446	198
12	1447759234496	202
12	1447759234542	203
12	1447759234544	200
12	1447759234593	191
12	1447759234602	185
12	1447759234645	181
12	1447759234656	180
12	1447759234693	181
12	1447759234703	182
12	1447759234741	183
12	1447759234749	183
12	1447759234786	184
12	1447759234787	183
12	1447759234838	182
12	1447759234886	182
12	1447759234935	182
12	1447759234936	182
12	1447759234981	183
12	1447759234982	183
12	1447759235031	183
12	1447759235039	183
12	1447759235082	183
12	1447759235084	184
12	1447759235129	185
12	1447759235133	185
12	1447759235184	185
12	1447759235193	185
12	1447759235227	187
12	1447759235237	189
12	1447759235289	187
12	1447759235291	185
12	1447759235324	184
12	1447759235332	213
12	1447759235374	197
12	1447759235375	173
12	1447759235419	181
12	1447759235421	187
12	1447759235468	192
12	1447759235470	194
12	1447759235518	196
12	1447759235519	198
12	1447759235567	203
12	1447759235569	206
12	1447759235620	205
12	1447759235627	199
12	1447759235668	184
12	1447759235677	181
12	1447759235714	179
12	1447759235718	180
12	1447759235761	181
12	1447759235762	182
12	1447759235809	182
12	1447759235811	181
12	1447759235858	182
12	1447759235859	182
12	1447759235907	182
12	1447759235908	182
12	1447759235956	182
12	1447759235957	182
12	1447759236004	183
12	1447759236006	184
12	1447759236053	184
12	1447759236055	184
12	1447759236102	184
12	1447759236104	184
12	1447759236153	184
12	1447759236156	184
12	1447759236201	183
12	1447759236204	184
12	1447759236248	184
12	1447759236250	185
12	1447759236297	185
12	1447759236299	188
12	1447759236347	187
12	1447759236357	186
12	1447759236394	186
12	1447759236395	190
12	1447759236443	185
12	1447759236444	177
12	1447759236492	189
12	1447759236541	194
12	1447759236593	198
12	1447759236638	201
12	1447759236640	204
12	1447759236688	203
12	1447759236689	195
12	1447759236736	183
12	1447759236784	180
12	1447759236785	180
12	1447759236833	181
12	1447759236834	182
12	1447759236882	183
12	1447759236883	183
12	1447759236931	182
12	1447759236979	182
12	1447759236980	181
12	1447759237028	182
12	1447759237029	183
12	1447759237078	183
12	1447759237079	183
12	1447759237127	184
12	1447759237129	184
12	1447759237177	184
12	1447759237181	184
12	1447759237228	184
12	1447759237235	184
12	1447759237292	184
12	1447759237297	185
12	1447759237324	185
12	1447759237331	186
12	1447759237374	186
12	1447759237381	185
12	1447759237423	187
12	1447759237449	190
12	1447759237469	186
12	1447759237477	187
12	1447759237520	186
12	1447759237523	209
12	1447759237569	176
12	1447759237595	181
12	1447759237615	188
12	1447759237619	190
12	1447759237662	193
12	1447759237663	196
12	1447759237714	197
12	1447759237715	200
12	1447759237760	206
12	1447759237809	202
12	1447759237810	193
12	1447759237857	186
12	1447759237858	182
12	1447759237907	180
12	1447759237913	179
12	1447759237959	181
12	1447759237968	182
12	1447759238006	183
12	1447759238010	182
12	1447759238054	182
12	1447759238062	182
12	1447759238103	184
12	1447759238111	183
12	1447759238152	182
12	1447759238156	182
12	1447759238200	184
12	1447759238204	185
12	1447759238251	184
12	1447759238259	184
12	1447759238298	184
12	1447759238302	185
12	1447759238347	184
12	1447759238350	184
12	1447759238398	184
12	1447759238405	184
12	1447759238448	185
12	1447759238450	185
12	1447759238493	186
12	1447759238501	186
12	1447759238544	186
12	1447759238554	186
12	1447759238594	188
12	1447759238598	187
12	1447759238639	186
12	1447759238643	189
12	1447759238690	188
12	1447759238699	178
12	1447759238765	185
12	1447759238767	189
12	1447759238788	193
12	1447759238794	194
12	1447759238834	196
12	1447759238842	198
12	1447759238880	204
12	1447759238882	206
12	1447759238930	205
12	1447759238931	197
12	1447759238978	188
12	1447759238980	183
12	1447759239027	179
12	1447759239028	179
12	1447759239076	180
12	1447759239078	181
12	1447759239130	182
12	1447759239139	183
12	1447759239181	183
12	1447759239183	182
12	1447759239224	182
12	1447759239232	181
12	1447759239275	182
12	1447759239283	182
12	1447759239323	182
12	1447759239340	182
12	1447759239370	183
12	1447759239378	183
12	1447759239420	184
12	1447759239426	185
12	1447759239468	184
12	1447759239497	184
12	1447759239517	185
12	1447759239524	184
12	1447759239563	185
12	1447759239565	185
12	1447759239614	188
12	1447759239666	185
12	1447759239667	185
12	1447759239713	223
12	1447759239771	180
12	1447759239791	180
12	1447759239810	191
12	1447759239818	193
12	1447759239869	195
12	1447759239871	196
12	1447759239907	200
12	1447759239912	203
12	1447759239958	207
12	1447759239959	207
12	1447759240002	195
12	1447759240003	186
12	1447759240054	181
12	1447759240055	180
12	1447759240100	179
12	1447759240148	182
12	1447759240149	182
12	1447759240198	184
12	1447759240247	184
12	1447759240252	184
12	1447759240299	184
12	1447759240307	184
12	1447759240351	183
12	1447759240353	184
12	1447759240394	185
12	1447759240400	185
12	1447759240443	185
12	1447759240455	185
12	1447759240491	185
12	1447759240504	185
12	1447759240538	186
12	1447759240540	186
12	1447759240590	186
12	1447759240591	187
12	1447759240636	187
12	1447759240637	187
12	1447759240686	190
12	1447759240735	188
12	1447759240742	188
12	1447759240784	212
12	1447759240790	206
12	1447759240833	177
12	1447759240844	184
12	1447759240879	189
12	1447759240881	191
12	1447759240928	195
12	1447759240932	197
12	1447759240977	202
12	1447759241025	209
12	1447759241026	209
12	1447759241074	203
12	1447759241076	193
12	1447759241123	183
12	1447759241124	181
12	1447759241220	180
12	1447759241221	180
12	1447759241269	184
12	1447759241270	185
12	1447759241318	185
12	1447759241319	183
12	1447759241367	185
12	1447759241368	184
12	1447759241415	184
12	1447759241416	185
12	1447759241464	185
12	1447759241465	185
12	1447759241513	186
12	1447759241514	186
12	1447759241562	186
12	1447759241563	187
12	1447759241611	187
12	1447759241659	187
12	1447759241660	188
12	1447759241708	188
12	1447759241709	188
12	1447759241757	187
12	1447759241758	187
12	1447759241806	188
12	1447759241854	189
12	1447759241855	190
12	1447759241903	189
12	1447759241904	188
12	1447759241952	188
12	1447759241953	214
12	1447759242001	186
12	1447759242049	190
12	1447759242050	193
12	1447759242098	195
12	1447759242099	197
12	1447759242147	201
12	1447759242148	203
12	1447759242196	209
12	1447759242244	205
12	1447759242246	196
12	1447759242293	188
12	1447759242294	183
12	1447759242342	181
12	1447759242343	181
12	1447759242390	181
12	1447759242391	182
12	1447759242439	185
12	1447759242440	186
12	1447759242488	186
12	1447759242489	186
12	1447759242537	186
12	1447759242538	186
12	1447759242586	186
12	1447759242587	186
12	1447759242634	187
12	1447759242635	187
12	1447759242683	187
12	1447759242684	187
12	1447759242732	188
12	1447759242733	188
12	1447759242781	189
12	1447759242829	189
12	1447759242830	189
12	1447759242878	188
12	1447759242879	190
12	1447759242927	191
12	1447759242928	191
12	1447759242975	191
12	1447759242976	191
12	1447759243024	193
12	1447759243025	195
12	1447759243073	193
12	1447759243074	192
12	1447759243122	199
12	1447759243123	231
12	1447759243171	184
12	1447759243219	192
12	1447759243220	195
12	1447759243268	198
12	1447759243269	199
12	1447759243317	201
12	1447759243318	203
12	1447759243365	210
12	1447759243366	213
12	1447759243414	211
12	1447759243415	202
12	1447759243463	188
12	1447759243464	185
12	1447759243512	185
12	1447759243513	184
12	1447759243561	185
12	1447759243609	185
12	1447759243610	186
12	1447759243658	187
12	1447759243659	187
12	1447759243707	185
12	1447759243708	185
12	1447759243756	186
12	1447759243804	186
12	1447759243805	184
12	1447759243853	186
12	1447759243854	187
12	1447759243902	186
12	1447759243903	188
12	1447759243951	186
12	1447759244003	186
12	1447759244007	189
12	1447759244053	187
12	1447759244065	177
12	1447759244099	186
12	1447759244108	191
12	1447759244148	195
12	1447759244157	197
12	1447759244199	199
12	1447759244201	200
12	1447759244251	208
12	1447759244253	210
12	1447759244295	208
12	1447759244301	199
12	1447759244343	184
12	1447759244346	182
12	1447759244392	180
12	1447759244426	180
12	1447759244441	180
12	1447759244444	182
12	1447759244491	185
12	1447759244493	185
12	1447759244540	185
12	1447759244566	185
12	1447759244587	185
12	1447759244590	185
12	1447759244633	185
12	1447759244634	186
12	1447759244683	185
12	1447759244731	187
12	1447759244732	190
12	1447759244780	188
12	1447759244781	187
12	1447759244832	211
12	1447759244881	175
12	1447759244928	188
12	1447759244932	192
12	1447759244979	194
12	1447759244988	196
12	1447759245031	200
12	1447759245033	204
12	1447759245074	207
12	1447759245079	211
12	1447759245121	205
12	1447759245122	194
12	1447759245172	184
12	1447759245218	183
12	1447759245219	182
12	1447759245270	184
12	1447759245271	185
12	1447759245318	185
12	1447759245321	186
12	1447759245371	186
12	1447759245377	186
12	1447759245418	185
12	1447759245427	185
12	1447759245464	185
12	1447759245469	185
12	1447759245511	185
12	1447759245512	185
12	1447759245563	186
12	1447759245608	186
12	1447759245609	186
12	1447759245657	186
12	1447759245658	187
12	1447759245707	188
12	1447759245728	190
12	1447759245758	190
12	1447759245760	188
12	1447759245808	190
12	1447759245810	226
12	1447759245856	198
12	1447759245858	178
12	1447759245904	192
12	1447759245906	193
12	1447759245954	195
12	1447759245962	196
12	1447759246002	197
12	1447759246026	199
12	1447759246049	207
12	1447759246052	210
12	1447759246096	202
12	1447759246144	191
12	1447759246145	183
12	1447759246195	181
12	1447759246196	182
12	1447759246243	184
12	1447759246290	184
12	1447759246291	184
12	1447759246342	185
12	1447759246343	184
12	1447759246391	184
12	1447759246398	184
12	1447759246439	184
12	1447759246442	185
12	1447759246486	184
12	1447759246538	185
12	1447759246583	185
12	1447759246632	185
12	1447759246633	184
12	1447759246682	204
12	1447759246684	172
12	1447759246731	180
12	1447759246733	188
12	1447759246782	190
12	1447759246791	192
12	1447759246831	196
12	1447759246833	198
12	1447759246877	200
12	1447759246881	203
12	1447759246929	206
12	1447759246938	202
12	1447759246978	192
12	1447759246987	185
12	1447759247025	181
12	1447759247028	181
12	1447759247071	181
12	1447759247072	181
12	1447759247123	184
12	1447759247168	183
12	1447759247169	184
12	1447759247220	184
12	1447759247221	183
12	1447759247267	184
12	1447759247279	184
12	1447759247320	184
12	1447759247326	185
12	1447759247368	185
12	1447759247377	186
12	1447759247414	186
12	1447759247420	185
12	1447759247463	189
12	1447759247470	189
12	1447759247514	187
12	1447759247523	187
12	1447759247570	187
12	1447759247572	201
12	1447759247610	177
12	1447759247612	181
12	1447759247660	189
12	1447759247669	192
12	1447759247708	194
12	1447759247759	196
12	1447759247761	197
12	1447759247805	207
12	1447759247811	208
12	1447759247855	205
12	1447759247863	196
12	1447759247901	189
12	1447759247905	184
12	1447759247949	182
12	1447759247997	183
12	1447759247998	184
12	1447759248046	184
12	1447759248095	185
12	1447759248096	185
12	1447759248146	185
12	1447759248149	185
12	1447759248195	185
12	1447759248198	186
12	1447759248244	186
12	1447759248251	186
12	1447759248294	186
12	1447759248297	187
12	1447759248340	187
12	1447759248349	188
12	1447759248390	190
12	1447759248393	189
12	1447759248440	190
12	1447759248443	190
12	1447759248489	185
12	1447759248491	186
12	1447759248535	191
12	1447759248539	227
12	1447759248586	178
12	1447759248593	188
12	1447759248634	192
12	1447759248636	194
12	1447759248680	197
12	1447759248681	197
12	1447759248731	198
12	1447759248732	200
12	1447759248777	204
12	1447759248778	202
12	1447759248826	197
12	1447759248827	190
12	1447759248888	184
12	1447759248890	184
12	1447759248923	183
12	1447759248924	181
12	1447759248972	183
12	1447759248973	182
12	1447759249024	182
12	1447759249025	182
12	1447759249072	184
12	1447759249122	183
12	1447759249171	185
12	1447759249191	185
12	1447759249220	185
12	1447759249222	184
12	1447759249269	187
12	1447759249278	188
12	1447759249315	187
12	1447759249319	187
12	1447759249364	196
12	1447759249368	229
12	1447759249415	180
12	1447759249418	175
12	1447759249461	186
12	1447759249465	191
12	1447759249512	195
12	1447759249514	196
12	1447759249561	199
12	1447759249569	201
12	1447759249607	205
12	1447759249611	206
12	1447759249659	203
12	1447759249661	194
12	1447759249709	182
12	1447759249717	180
12	1447759249754	180
12	1447759249759	180
12	1447759249804	182
12	1447759249812	182
12	1447759249851	182
12	1447759249859	182
12	1447759249898	181
12	1447759249900	180
12	1447759249948	180
12	1447759249999	180
12	1447759250045	183
12	1447759250046	184
12	1447759250094	181
12	1447759250096	181
12	1447759250142	186
12	1447759250149	223
12	1447759250194	183
12	1447759250203	176
12	1447759250244	182
12	1447759250253	184
12	1447759250293	189
12	1447759250298	190
12	1447759250339	192
12	1447759250348	194
12	1447759250388	200
12	1447759250398	202
12	1447759250438	200
12	1447759250440	192
12	1447759250489	179
12	1447759250491	178
12	1447759250534	179
12	1447759250542	179
12	1447759250585	181
12	1447759250591	181
12	1447759250683	181
12	1447759250690	181
12	1447759250729	182
12	1447759250736	185
12	1447759250777	183
12	1447759250781	182
12	1447759250825	182
12	1447759250826	215
12	1447759250877	169
12	1447759250922	186
12	1447759250923	189
12	1447759250974	193
12	1447759251019	196
12	1447759251021	198
12	1447759251070	204
12	1447759251078	205
12	1447759251121	203
12	1447759251131	196
12	1447759251173	182
12	1447759251177	180
12	1447759251218	179
12	1447759251221	179
12	1447759251268	181
12	1447759251277	182
12	1447759251324	182
12	1447759251333	183
12	1447759251363	182
12	1447759251367	182
12	1447759251414	182
12	1447759251416	182
12	1447759251462	184
12	1447759251472	184
12	1447759251509	183
12	1447759251536	182
12	1447759251557	185
12	1447759251564	226
12	1447759251608	171
12	1447759251611	181
12	1447759251655	186
12	1447759251676	188
12	1447759251702	192
12	1447759251703	194
12	1447759251751	199
12	1447759251799	202
12	1447759251800	203
12	1447759251848	194
12	1447759251849	186
12	1447759251898	179
12	1447759251949	179
12	1447759251951	181
12	1447759251997	181
12	1447759252005	182
12	1447759252049	181
12	1447759252065	181
12	1447759252097	181
12	1447759252099	181
12	1447759252143	182
12	1447759252152	181
12	1447759252192	183
12	1447759252208	184
12	1447759252240	182
12	1447759252247	182
12	1447759252289	188
12	1447759252298	225
12	1447759252339	184
12	1447759252341	178
12	1447759252389	186
12	1447759252396	187
12	1447759252439	190
12	1447759252447	191
12	1447759252484	194
12	1447759252492	198
12	1447759252534	201
12	1447759252537	203
12	1447759252582	201
12	1447759252589	193
12	1447759252631	181
12	1447759252647	178
12	1447759252680	179
12	1447759252686	180
12	1447759252727	178
12	1447759252735	179
12	1447759252777	181
12	1447759252789	180
12	1447759252830	179
12	1447759252833	181
12	1447759252874	180
12	1447759252882	180
12	1447759252923	182
12	1447759252944	180
12	1447759252972	181
12	1447759252989	181
12	1447759253021	182
12	1447759253024	182
12	1447759253075	182
12	1447759253077	182
12	1447759253119	183
12	1447759253122	184
12	1447759253167	187
12	1447759253170	188
12	1447759253216	185
12	1447759253219	184
12	1447759253265	184
12	1447759253268	220
12	1447759253313	198
12	1447759253318	178
12	1447759253364	183
12	1447759253367	186
12	1447759253410	190
12	1447759253426	191
12	1447759253459	193
12	1447759253462	196
12	1447759253516	202
12	1447759253518	205
12	1447759253559	205
12	1447759253562	201
12	1447759253606	183
12	1447759253653	182
12	1447759253700	184
12	1447759253701	183
12	1447759253753	182
12	1447759253800	183
12	1447759253803	182
12	1447759253849	181
12	1447759253852	182
12	1447759253900	182
12	1447759253910	182
12	1447759253949	182
12	1447759253951	183
12	1447759253997	183
12	1447759254007	182
12	1447759254046	183
12	1447759254071	183
12	1447759254094	183
12	1447759254100	184
12	1447759254144	184
12	1447759254151	185
12	1447759254192	184
12	1447759254216	185
12	1447759254240	186
12	1447759254243	184
12	1447759254290	189
12	1447759254297	187
12	1447759254340	186
12	1447759254366	185
12	1447759254390	205
12	1447759254393	215
12	1447759254439	178
12	1447759254441	181
12	1447759254487	189
12	1447759254495	190
12	1447759254533	193
12	1447759254541	193
12	1447759254582	196
12	1447759254591	198
12	1447759254631	203
12	1447759254656	205
12	1447759254678	202
12	1447759254686	195
12	1447759254731	184
12	1447759254733	183
12	1447759254777	182
12	1447759254806	182
12	1447759254824	184
12	1447759254828	185
12	1447759254871	183
12	1447759254872	183
12	1447759254923	183
12	1447759254968	183
12	1447759254969	182
12	1447759255018	184
12	1447759255065	183
12	1447759255067	184
12	1447759255118	185
12	1447759255119	184
12	1447759255168	185
12	1447759255177	185
12	1447759255214	186
12	1447759255218	186
12	1447759255265	187
12	1447759255267	189
12	1447759255314	188
12	1447759255322	187
12	1447759255361	185
12	1447759255365	185
12	1447759255409	230
12	1447759255417	181
12	1447759255459	177
12	1447759255465	184
12	1447759255508	192
12	1447759255511	193
12	1447759255555	195
12	1447759255559	196
12	1447759255606	201
12	1447759255614	204
12	1447759255653	204
12	1447759255658	202
12	1447759255700	195
12	1447759255701	188
12	1447759255752	181
12	1447759255797	181
12	1447759255798	183
12	1447759255849	183
12	1447759255894	184
12	1447759255901	183
12	1447759255950	183
12	1447759255956	183
12	1447759255998	182
12	1447759256001	183
12	1447759256043	184
12	1447759256053	184
12	1447759256092	184
12	1447759256101	184
12	1447759256142	184
12	1447759256151	185
12	1447759256191	185
12	1447759256193	185
12	1447759256237	185
12	1447759256241	186
12	1447759256288	186
12	1447759256296	189
12	1447759256340	189
12	1447759256343	187
12	1447759256384	186
12	1447759256388	193
12	1447759256435	230
12	1447759256442	184
12	1447759256490	179
12	1447759256492	186
12	1447759256531	192
12	1447759256534	194
12	1447759256581	194
12	1447759256589	196
12	1447759256630	201
12	1447759256656	204
12	1447759256677	207
12	1447759256680	205
12	1447759256728	189
12	1447759256736	185
12	1447759256776	181
12	1447759256803	181
12	1447759256824	183
12	1447759256826	183
12	1447759256870	184
12	1447759256871	183
12	1447759256918	184
12	1447759256919	184
12	1447759256967	183
12	1447759256968	183
12	1447759257015	182
12	1447759257017	183
12	1447759257066	184
12	1447759257068	183
12	1447759257118	184
12	1447759257121	184
12	1447759257167	185
12	1447759257174	185
12	1447759257213	185
12	1447759257217	185
12	1447759257262	186
12	1447759257269	186
12	1447759257312	190
12	1447759257336	189
12	1447759257360	187
12	1447759257363	185
12	1447759257406	203
12	1447759257407	220
12	1447759257458	181
12	1447759257505	191
12	1447759257506	192
12	1447759257555	193
12	1447759257556	196
12	1447759257601	201
12	1447759257602	203
12	1447759257651	206
12	1447759257660	207
12	1447759257702	203
12	1447759257711	195
12	1447759257749	183
12	1447759257753	181
12	1447759257797	180
12	1447759257807	181
12	1447759257849	183
12	1447759257858	182
12	1447759257895	182
12	1447759257908	184
12	1447759257944	182
12	1447759257948	182
12	1447759257995	183
12	1447759257998	184
12	1447759258042	184
12	1447759258075	183
12	1447759258091	186
12	1447759258098	189
12	1447759258141	189
12	1447759258149	188
12	1447759258190	189
12	1447759258193	189
12	1447759258237	190
12	1447759258244	191
12	1447759258289	189
12	1447759258295	190
12	1447759258336	195
12	1447759258374	231
12	1447759258382	189
12	1447759258389	195
12	1447759258429	196
12	1447759258430	196
12	1447759258481	196
12	1447759258482	197
12	1447759258527	199
12	1447759258528	204
12	1447759258576	208
12	1447759258577	209
12	1447759258628	193
12	1447759258679	185
12	1447759258681	184
12	1447759258725	184
12	1447759258731	183
12	1447759258778	184
12	1447759258780	184
12	1447759258822	188
12	1447759258829	186
12	1447759258870	189
12	1447759258878	189
12	1447759258919	186
12	1447759258945	187
12	1447759258967	189
12	1447759258975	188
12	1447759259017	188
12	1447759259026	191
12	1447759259063	191
12	1447759259064	192
12	1447759259112	193
12	1447759259113	193
12	1447759259160	194
12	1447759259161	193
12	1447759259209	193
12	1447759259210	195
12	1447759259258	196
12	1447759259259	193
12	1447759259309	192
12	1447759259312	204
12	1447759259358	236
12	1447759259362	185
12	1447759259409	189
12	1447759259411	195
12	1447759259457	197
12	1447759259467	196
12	1447759259506	201
12	1447759259509	201
12	1447759259551	206
12	1447759259552	210
12	1447759259604	210
12	1447759259605	207
12	1447759259648	190
12	1447759259649	187
12	1447759259700	183
12	1447759259701	182
12	1447759259747	185
12	1447759259754	185
12	1447759259799	185
12	1447759259801	186
12	1447759259849	186
12	1447759259855	185
12	1447759259896	184
12	1447759259898	184
12	1447759259945	185
12	1447759259950	184
12	1447759259994	183
12	1447759259998	183
12	1447759260040	185
12	1447759260044	185
12	1447759260089	184
12	1447759260098	185
12	1447759260140	185
12	1447759260149	185
12	1447759260187	188
12	1447759260190	188
12	1447759260238	187
12	1447759260244	186
12	1447759260287	199
12	1447759260294	230
12	1447759260355	183
12	1447759260357	180
12	1447759260382	186
12	1447759260385	189
12	1447759260431	192
12	1447759260437	195
12	1447759260484	197
12	1447759260487	198
12	1447759260528	204
12	1447759260531	205
12	1447759260579	203
12	1447759260586	196
12	1447759260626	183
12	1447759260632	181
12	1447759260674	181
12	1447759260679	181
12	1447759260721	184
12	1447759260769	185
12	1447759260770	185
12	1447759260818	185
12	1447759260819	184
12	1447759260870	182
12	1447759260871	183
12	1447759260917	182
12	1447759260946	182
12	1447759260969	183
12	1447759260970	183
12	1447759261016	183
12	1447759261062	184
12	1447759261063	184
12	1447759261111	184
12	1447759261112	185
12	1447759261160	186
12	1447759261208	188
12	1447759261209	190
12	1447759261258	189
12	1447759261264	188
12	1447759261310	187
12	1447759261317	205
12	1447759261360	227
12	1447759261362	181
12	1447759261410	187
12	1447759261412	190
12	1447759261454	193
12	1447759261459	194
12	1447759261507	199
12	1447759261514	200
12	1447759261552	204
12	1447759261557	207
12	1447759261600	209
12	1447759261610	205
12	1447759261651	189
12	1447759261654	184
12	1447759261709	182
12	1447759261711	182
12	1447759261745	183
12	1447759261746	183
12	1447759261794	185
12	1447759261842	184
12	1447759261891	184
12	1447759261943	184
12	1447759261949	186
12	1447759261990	184
12	1447759261998	184
12	1447759262036	184
12	1447759262037	185
12	1447759262086	189
12	1447759262087	188
12	1447759262134	189
12	1447759262135	190
12	1447759262186	188
12	1447759262239	188
12	1447759262249	188
12	1447759262283	191
12	1447759262293	188
12	1447759262333	186
12	1447759262336	186
12	1447759262388	190
12	1447759262391	234
12	1447759262436	179
12	1447759262438	184
12	1447759262478	186
12	1447759262481	189
12	1447759262528	191
12	1447759262538	195
12	1447759262604	197
12	1447759262606	199
12	1447759262625	204
12	1447759262627	203
12	1447759262673	199
12	1447759262680	191
12	1447759262723	185
12	1447759262727	183
12	1447759262770	182
12	1447759262774	184
12	1447759262819	185
12	1447759262826	184
12	1447759262870	186
12	1447759262880	186
12	1447759262916	184
12	1447759262920	185
12	1447759262964	184
12	1447759263015	184
12	1447759263016	184
12	1447759263061	186
12	1447759263110	185
12	1447759263160	188
12	1447759263208	188
12	1447759263211	186
12	1447759263260	186
12	1447759263267	186
12	1447759263310	224
12	1447759263324	182
12	1447759263360	182
12	1447759263366	186
12	1447759263404	193
12	1447759263409	194
12	1447759263456	197
12	1447759263459	200
12	1447759263502	201
12	1447759263510	204
12	1447759263552	209
12	1447759263561	206
12	1447759263601	198
12	1447759263626	189
12	1447759263647	182
12	1447759263651	183
12	1447759263695	184
12	1447759263696	184
12	1447759263743	184
12	1447759263744	184
12	1447759263792	183
12	1447759263844	184
12	1447759263891	185
12	1447759263894	184
12	1447759263940	184
12	1447759263949	185
12	1447759263991	187
12	1447759264015	188
12	1447759264038	186
12	1447759264047	184
12	1447759264085	231
12	1447759264134	177
12	1447759264182	192
12	1447759264231	192
12	1447759264232	195
12	1447759264279	197
12	1447759264280	200
12	1447759264330	204
12	1447759264332	207
12	1447759264381	203
12	1447759264384	196
12	1447759264428	180
12	1447759264431	181
12	1447759264476	179
12	1447759264480	179
12	1447759264527	182
12	1447759264536	182
12	1447759264575	182
12	1447759264578	183
12	1447759264621	183
12	1447759264670	183
12	1447759264718	183
12	1447759264719	184
12	1447759264766	187
12	1447759264768	186
12	1447759264819	184
12	1447759264869	219
12	1447759264871	178
12	1447759264918	181
12	1447759264920	187
12	1447759264967	193
12	1447759264969	194
12	1447759265013	197
12	1447759265020	198
12	1447759265064	200
12	1447759265071	205
12	1447759265113	208
12	1447759265116	204
12	1447759265159	195
12	1447759265167	187
12	1447759265210	181
12	1447759265218	180
12	1447759265258	181
12	1447759265282	182
12	1447759265305	179
12	1447759265312	179
12	1447759265352	179
12	1447759265353	177
12	1447759265402	177
12	1447759265449	177
12	1447759265450	176
12	1447759265498	176
12	1447759265552	178
12	1447759265554	178
12	1447759265597	178
12	1447759265599	179
12	1447759265648	181
12	1447759265651	180
12	1447759265702	181
12	1447759265704	181
12	1447759265744	182
12	1447759265750	182
12	1447759265797	183
12	1447759265804	184
12	1447759265844	184
12	1447759265871	185
12	1447759265913	185
12	1447759265937	185
12	1447759265938	184
12	1447759265985	219
12	1447759265988	182
12	1447759266034	183
12	1447759266035	187
12	1447759266087	189
12	1447759266088	192
12	1447759266132	194
12	1447759266134	197
12	1447759266180	204
12	1447759266181	206
12	1447759266229	208
12	1447759266230	206
12	1447759266278	197
12	1447759266279	189
12	1447759266327	182
12	1447759266375	182
12	1447759266376	183
12	1447759266424	183
12	1447759266425	183
12	1447759266473	184
12	1447759266474	183
12	1447759266522	182
12	1447759266524	182
12	1447759266571	182
12	1447759266572	182
12	1447759266619	182
12	1447759266620	183
12	1447759266668	183
12	1447759266669	183
12	1447759266716	184
12	1447759266718	184
12	1447759266765	184
12	1447759266767	184
12	1447759266814	185
12	1447759266815	185
12	1447759266863	185
12	1447759266865	185
12	1447759266912	186
12	1447759266960	187
12	1447759266961	187
12	1447759267009	190
12	1447759267011	189
12	1447759267058	187
12	1447759267108	221
12	1447759267155	182
12	1447759267157	183
12	1447759267205	190
12	1447759267206	191
12	1447759267253	193
12	1447759267254	195
12	1447759267301	199
12	1447759267302	203
12	1447759267350	206
12	1447759267351	208
12	1447759267399	205
12	1447759267400	197
12	1447759267448	182
12	1447759267496	181
12	1447759267497	182
12	1447759267546	184
12	1447759267594	184
12	1447759267595	183
12	1447759267643	183
12	1447759267644	183
12	1447759267692	183
12	1447759267740	185
12	1447759267741	183
12	1447759267789	184
12	1447759267790	184
12	1447759267838	184
12	1447759267839	185
12	1447759267887	185
12	1447759267888	185
12	1447759267935	185
12	1447759267936	185
12	1447759267984	186
12	1447759267986	186
12	1447759268035	186
12	1447759268036	186
12	1447759268082	187
12	1447759268083	186
12	1447759268130	189
12	1447759268131	190
12	1447759268179	189
12	1447759268180	187
12	1447759268228	186
12	1447759268229	223
12	1447759268277	180
12	1447759268326	188
12	1447759268327	190
12	1447759268374	192
12	1447759268375	194
12	1447759268423	197
12	1447759268424	200
12	1447759268473	204
12	1447759268474	207
12	1447759268520	203
12	1447759268522	194
12	1447759268569	187
12	1447759268571	183
12	1447759268618	181
12	1447759268667	183
12	1447759268668	184
12	1447759268716	183
12	1447759268717	184
12	1447759268764	184
12	1447759268766	184
12	1447759268814	183
12	1447759268817	183
12	1447759268862	183
12	1447759268863	183
12	1447759268910	184
12	1447759268912	184
12	1447759268959	184
12	1447759268960	185
12	1447759269008	184
12	1447759269011	184
12	1447759269057	185
12	1447759269058	185
12	1447759269105	185
12	1447759269106	185
12	1447759269154	185
12	1447759269155	186
12	1447759269203	187
12	1447759269204	189
12	1447759269252	188
12	1447759269253	187
12	1447759269300	186
12	1447759269301	216
12	1447759269349	211
12	1447759269351	180
12	1447759269398	184
12	1447759269399	189
12	1447759269448	193
12	1447759269449	195
12	1447759269510	199
12	1447759269544	204
12	1447759269546	208
12	1447759269593	204
12	1447759269641	188
12	1447759269642	184
12	1447759269690	183
12	1447759269691	182
12	1447759269739	183
12	1447759269740	184
12	1447759269788	184
12	1447759269789	185
12	1447759269837	185
12	1447759269838	184
12	1447759269886	184
12	1447759269934	184
12	1447759269938	184
12	1447759269983	185
12	1447759269985	185
12	1447759270032	186
12	1447759270034	185
12	1447759270080	187
12	1447759270081	186
12	1447759270129	187
12	1447759270178	187
12	1447759270227	187
12	1447759270229	186
